<?xml version="1.0" encoding="UTF-8"?>
<!-- Generated by org.testng.reporters.JUnitReportReporter -->
<testsuite hostname="JOSH-SWAPNILK" failures="0" tests="1" name="com.joshsoftware.tests.firstTest" time="0.068" errors="0" timestamp="2023-03-28T17:46:51 IST" skipped="0">
  <testcase classname="com.joshsoftware.tests.firstTest" name="testLogin" time="0.068"/>
  <system-out/>
</testsuite> <!-- com.joshsoftware.tests.firstTest -->
