<?xml version="1.0" encoding="UTF-8"?>
<!-- Generated by org.testng.reporters.JUnitReportReporter -->
<testsuite hostname="josh-Latitude-3410" failures="0" tests="1" name="com.joshsoftware.tests.firstTest" time="0.076" errors="0" timestamp="2023-04-20T11:54:42 IST" skipped="0">
  <testcase classname="com.joshsoftware.tests.firstTest" name="testLogin" time="0.076"/>
  <system-out/>
</testsuite> <!-- com.joshsoftware.tests.firstTest -->
